Using pre-set license

 COMMAND LINE ARGUMENTS:
/Applications/Unity/Hub/Editor/2020.3.5f1/Unity.app/Contents/MacOS/Unity
-adb2
-batchMode
-noUpm
-name
AssetImportWorker0
-projectPath
/Users/david/Documents/UChicago/309/computers-for-learning/FinalProject/Final Project
-logFile
Logs/AssetImportWorker0.log
-srvPort
62541
Successfully changed project path to: /Users/david/Documents/UChicago/309/computers-for-learning/FinalProject/Final Project
/Users/david/Documents/UChicago/309/computers-for-learning/FinalProject/Final Project
Using Asset Import Pipeline V2.
Refreshing native plugins compatible for Editor in 33.86 ms, found 1 plugins.
Preloading 0 native plugins for Editor in 0.00 ms.
Initialize engine version: 2020.3.5f1 (8095aa901b9b)
[Subsystems] Discovering subsystems at path /Applications/Unity/Hub/Editor/2020.3.5f1/Unity.app/Contents/Resources/UnitySubsystems
[Subsystems] Discovering subsystems at path /Users/david/Documents/UChicago/309/computers-for-learning/FinalProject/Final Project/Assets
GfxDevice: creating device client; threaded=0
2021-12-04 17:01:47.794 Unity[27624:1165921] U28E590 preferred device: AMD Radeon Pro 560X (high power)
2021-12-04 17:01:47.794 Unity[27624:1165921] Metal devices available: 2
2021-12-04 17:01:47.794 Unity[27624:1165921] 0: AMD Radeon Pro 560X (high power)
2021-12-04 17:01:47.794 Unity[27624:1165921] 1: Intel(R) UHD Graphics 630 (low power)
2021-12-04 17:01:47.794 Unity[27624:1165921] Using device AMD Radeon Pro 560X (high power)
Initializing Metal device caps: AMD Radeon Pro 560X
Initialize mono
Mono path[0] = '/Applications/Unity/Hub/Editor/2020.3.5f1/Unity.app/Contents/Managed'
Mono path[1] = '/Applications/Unity/Hub/Editor/2020.3.5f1/Unity.app/Contents/MonoBleedingEdge/lib/mono/unityjit'
Mono config path = '/Applications/Unity/Hub/Editor/2020.3.5f1/Unity.app/Contents/MonoBleedingEdge/etc'
Using monoOptions --debugger-agent=transport=dt_socket,embedding=1,server=y,suspend=n,address=127.0.0.1:56624
Begin MonoManager ReloadAssembly
Registering precompiled unity dll's ...
Register platform support module: /Applications/Unity/Hub/Editor/2020.3.5f1/PlaybackEngines/WebGLSupport/UnityEditor.WebGL.Extensions.dll
Register platform support module: /Applications/Unity/Hub/Editor/2020.3.5f1/Unity.app/Contents/PlaybackEngines/MacStandaloneSupport/UnityEditor.OSXStandalone.Extensions.dll
Registered in 0.000753 seconds.
Native extension for OSXStandalone target not found
Native extension for WebGL target not found
Refreshing native plugins compatible for Editor in 33.19 ms, found 1 plugins.
Preloading 0 native plugins for Editor in 0.00 ms.
Mono: successfully reloaded assembly
- Completed reload, in  2.295 seconds
Platform modules already initialized, skipping
Registering precompiled user dll's ...
Registered in 0.000434 seconds.
Begin MonoManager ReloadAssembly
Native extension for OSXStandalone target not found
Native extension for WebGL target not found
Refreshing native plugins compatible for Editor in 0.27 ms, found 1 plugins.
Preloading 0 native plugins for Editor in 0.00 ms.
Mono: successfully reloaded assembly
- Completed reload, in  1.082 seconds
Platform modules already initialized, skipping
========================================================================
Worker process is ready to serve import requests
Launching external process: /Applications/Unity/Hub/Editor/2020.3.5f1/Unity.app/Contents/Tools/UnityShaderCompiler
Launched and connected shader compiler UnityShaderCompiler after 0.01 seconds
Refreshing native plugins compatible for Editor in 0.25 ms, found 1 plugins.
Preloading 0 native plugins for Editor in 0.00 ms.
Unloading 1501 Unused Serialized files (Serialized files now loaded: 0)
System memory in use before: 134.3 MB.
System memory in use after: 134.3 MB.

Unloading 13 unused Assets to reduce memory usage. Loaded Objects now: 1942.
Total: 2.525076 ms (FindLiveObjects: 0.221707 ms CreateObjectMapping: 0.118389 ms MarkObjects: 2.022582 ms  DeleteObjects: 0.161008 ms)

========================================================================
Received Import Request.
  path: Assets/Scripts/dummybehavior.cs
  artifactKey: Guid(884edc41a0aa046888f9ce1bd926c9b6) Importer(815301076,1909f56bfc062723c751e8b465ee728b)
Start importing Assets/Scripts/dummybehavior.cs using Guid(884edc41a0aa046888f9ce1bd926c9b6) Importer(815301076,1909f56bfc062723c751e8b465ee728b)  -> (artifact id: '0ae78c6443b11cf1fb4584ce9ad3b97c') in 0.377523 seconds
  Import took 0.380059 seconds .

========================================================================
Received Prepare
Registering precompiled user dll's ...
Registered in 0.000477 seconds.
Begin MonoManager ReloadAssembly
Native extension for OSXStandalone target not found
Native extension for WebGL target not found
Refreshing native plugins compatible for Editor in 0.27 ms, found 1 plugins.
Preloading 0 native plugins for Editor in 0.00 ms.
Mono: successfully reloaded assembly
- Completed reload, in  1.082 seconds
Platform modules already initialized, skipping
Refreshing native plugins compatible for Editor in 0.26 ms, found 1 plugins.
Preloading 0 native plugins for Editor in 0.00 ms.
Unloading 1476 Unused Serialized files (Serialized files now loaded: 0)
System memory in use before: 137.0 MB.
System memory in use after: 137.0 MB.

Unloading 8 unused Assets to reduce memory usage. Loaded Objects now: 1945.
Total: 2.228777 ms (FindLiveObjects: 0.189261 ms CreateObjectMapping: 0.060094 ms MarkObjects: 1.865918 ms  DeleteObjects: 0.112259 ms)

========================================================================
Received Prepare
Registering precompiled user dll's ...
Registered in 0.000575 seconds.
Begin MonoManager ReloadAssembly
Native extension for OSXStandalone target not found
Native extension for WebGL target not found
Refreshing native plugins compatible for Editor in 0.30 ms, found 1 plugins.
Preloading 0 native plugins for Editor in 0.00 ms.
Mono: successfully reloaded assembly
- Completed reload, in  1.021 seconds
Platform modules already initialized, skipping
Refreshing native plugins compatible for Editor in 0.24 ms, found 1 plugins.
Preloading 0 native plugins for Editor in 0.00 ms.
Unloading 1475 Unused Serialized files (Serialized files now loaded: 0)
System memory in use before: 137.1 MB.
System memory in use after: 137.1 MB.

Unloading 9 unused Assets to reduce memory usage. Loaded Objects now: 1947.
Total: 1.953521 ms (FindLiveObjects: 0.236029 ms CreateObjectMapping: 0.076621 ms MarkObjects: 1.529625 ms  DeleteObjects: 0.109592 ms)

========================================================================
Received Prepare
Registering precompiled user dll's ...
Registered in 0.000485 seconds.
Begin MonoManager ReloadAssembly
Native extension for OSXStandalone target not found
Native extension for WebGL target not found
Refreshing native plugins compatible for Editor in 0.30 ms, found 1 plugins.
Preloading 0 native plugins for Editor in 0.00 ms.
Mono: successfully reloaded assembly
- Completed reload, in  1.048 seconds
Platform modules already initialized, skipping
Refreshing native plugins compatible for Editor in 0.27 ms, found 1 plugins.
Preloading 0 native plugins for Editor in 0.00 ms.
Unloading 1475 Unused Serialized files (Serialized files now loaded: 0)
System memory in use before: 138.1 MB.
System memory in use after: 138.2 MB.

Unloading 8 unused Assets to reduce memory usage. Loaded Objects now: 1950.
Total: 1.978376 ms (FindLiveObjects: 0.229782 ms CreateObjectMapping: 0.051133 ms MarkObjects: 1.592143 ms  DeleteObjects: 0.104238 ms)

========================================================================
Received Prepare
Registering precompiled user dll's ...
Registered in 0.000486 seconds.
Begin MonoManager ReloadAssembly
Native extension for OSXStandalone target not found
Native extension for WebGL target not found
Refreshing native plugins compatible for Editor in 0.25 ms, found 1 plugins.
Preloading 0 native plugins for Editor in 0.00 ms.
Mono: successfully reloaded assembly
- Completed reload, in  0.972 seconds
Platform modules already initialized, skipping
Refreshing native plugins compatible for Editor in 0.30 ms, found 1 plugins.
Preloading 0 native plugins for Editor in 0.00 ms.
Unloading 1475 Unused Serialized files (Serialized files now loaded: 0)
System memory in use before: 138.3 MB.
System memory in use after: 138.3 MB.

Unloading 8 unused Assets to reduce memory usage. Loaded Objects now: 1953.
Total: 1.959167 ms (FindLiveObjects: 0.196525 ms CreateObjectMapping: 0.049611 ms MarkObjects: 1.602894 ms  DeleteObjects: 0.108730 ms)

========================================================================
Received Prepare
Registering precompiled user dll's ...
Registered in 0.000471 seconds.
Begin MonoManager ReloadAssembly
Native extension for OSXStandalone target not found
Native extension for WebGL target not found
Refreshing native plugins compatible for Editor in 0.29 ms, found 1 plugins.
Preloading 0 native plugins for Editor in 0.00 ms.
Mono: successfully reloaded assembly
- Completed reload, in  0.962 seconds
Platform modules already initialized, skipping
Refreshing native plugins compatible for Editor in 0.25 ms, found 1 plugins.
Preloading 0 native plugins for Editor in 0.00 ms.
Unloading 1475 Unused Serialized files (Serialized files now loaded: 0)
System memory in use before: 138.5 MB.
System memory in use after: 138.5 MB.

Unloading 8 unused Assets to reduce memory usage. Loaded Objects now: 1956.
Total: 1.899752 ms (FindLiveObjects: 0.233899 ms CreateObjectMapping: 0.073240 ms MarkObjects: 1.488089 ms  DeleteObjects: 0.103325 ms)

========================================================================
Received Prepare
Registering precompiled user dll's ...
Registered in 0.000479 seconds.
Begin MonoManager ReloadAssembly
Native extension for OSXStandalone target not found
Native extension for WebGL target not found
Refreshing native plugins compatible for Editor in 0.26 ms, found 1 plugins.
Preloading 0 native plugins for Editor in 0.00 ms.
Mono: successfully reloaded assembly
- Completed reload, in  0.981 seconds
Platform modules already initialized, skipping
Refreshing native plugins compatible for Editor in 0.26 ms, found 1 plugins.
Preloading 0 native plugins for Editor in 0.00 ms.
Unloading 1475 Unused Serialized files (Serialized files now loaded: 0)
System memory in use before: 138.7 MB.
System memory in use after: 138.7 MB.

Unloading 8 unused Assets to reduce memory usage. Loaded Objects now: 1959.
Total: 1.771351 ms (FindLiveObjects: 0.183675 ms CreateObjectMapping: 0.049119 ms MarkObjects: 1.432832 ms  DeleteObjects: 0.104649 ms)

========================================================================
Received Import Request.
  Time since last request: 643.413766 seconds.
  path: Assets/Scenes/SampleScene.unity
  artifactKey: Guid(9fc0d4010bbf28b4594072e72b8655ab) Importer(815301076,1909f56bfc062723c751e8b465ee728b)
Start importing Assets/Scenes/SampleScene.unity using Guid(9fc0d4010bbf28b4594072e72b8655ab) Importer(815301076,1909f56bfc062723c751e8b465ee728b)  -> (artifact id: '208792ffd2dd6f90b791229b3eee2768') in 0.014043 seconds
  Import took 0.017182 seconds .

========================================================================
Received Import Request.
  Time since last request: 0.001192 seconds.
  path: Assets/Scenes/SampleScene.unity
  artifactKey: Guid(9fc0d4010bbf28b4594072e72b8655ab) Importer(815301076,1909f56bfc062723c751e8b465ee728b)
Start importing Assets/Scenes/SampleScene.unity using Guid(9fc0d4010bbf28b4594072e72b8655ab) Importer(815301076,1909f56bfc062723c751e8b465ee728b)  -> (artifact id: '208792ffd2dd6f90b791229b3eee2768') in 0.001641 seconds
  Import took 0.004469 seconds .

========================================================================
Received Import Request.
  Time since last request: 10.205931 seconds.
  path: Assets/Scenes/Level1.unity
  artifactKey: Guid(9fc0d4010bbf28b4594072e72b8655ab) Importer(815301076,1909f56bfc062723c751e8b465ee728b)
Start importing Assets/Scenes/Level1.unity using Guid(9fc0d4010bbf28b4594072e72b8655ab) Importer(815301076,1909f56bfc062723c751e8b465ee728b)  -> (artifact id: '58f4fdbec9241691ac7696bbb72398b6') in 0.001380 seconds
  Import took 0.004170 seconds .

========================================================================
Received Prepare
Registering precompiled user dll's ...
Registered in 0.001437 seconds.
Begin MonoManager ReloadAssembly
Native extension for OSXStandalone target not found
Native extension for WebGL target not found
Refreshing native plugins compatible for Editor in 0.25 ms, found 1 plugins.
Preloading 0 native plugins for Editor in 0.00 ms.
Mono: successfully reloaded assembly
- Completed reload, in  1.030 seconds
Platform modules already initialized, skipping
Refreshing native plugins compatible for Editor in 0.25 ms, found 1 plugins.
Preloading 0 native plugins for Editor in 0.00 ms.
Unloading 1475 Unused Serialized files (Serialized files now loaded: 0)
System memory in use before: 139.0 MB.
System memory in use after: 139.0 MB.

Unloading 8 unused Assets to reduce memory usage. Loaded Objects now: 1962.
Total: 1.955283 ms (FindLiveObjects: 0.265881 ms CreateObjectMapping: 0.068053 ms MarkObjects: 1.512727 ms  DeleteObjects: 0.106991 ms)

========================================================================
Received Prepare
Registering precompiled user dll's ...
Registered in 0.000485 seconds.
Begin MonoManager ReloadAssembly
Native extension for OSXStandalone target not found
Native extension for WebGL target not found
Refreshing native plugins compatible for Editor in 0.25 ms, found 1 plugins.
Preloading 0 native plugins for Editor in 0.00 ms.
Mono: successfully reloaded assembly
- Completed reload, in  0.962 seconds
Platform modules already initialized, skipping
Refreshing native plugins compatible for Editor in 0.25 ms, found 1 plugins.
Preloading 0 native plugins for Editor in 0.00 ms.
Unloading 1475 Unused Serialized files (Serialized files now loaded: 0)
System memory in use before: 139.2 MB.
System memory in use after: 139.2 MB.

Unloading 8 unused Assets to reduce memory usage. Loaded Objects now: 1965.
Total: 1.915408 ms (FindLiveObjects: 0.208479 ms CreateObjectMapping: 0.059375 ms MarkObjects: 1.540654 ms  DeleteObjects: 0.105637 ms)

========================================================================
Received Prepare
Registering precompiled user dll's ...
Registered in 0.000464 seconds.
Begin MonoManager ReloadAssembly
Native extension for OSXStandalone target not found
Native extension for WebGL target not found
Refreshing native plugins compatible for Editor in 0.29 ms, found 1 plugins.
Preloading 0 native plugins for Editor in 0.00 ms.
Mono: successfully reloaded assembly
- Completed reload, in  1.002 seconds
Platform modules already initialized, skipping
Refreshing native plugins compatible for Editor in 0.25 ms, found 1 plugins.
Preloading 0 native plugins for Editor in 0.00 ms.
Unloading 1475 Unused Serialized files (Serialized files now loaded: 0)
System memory in use before: 139.5 MB.
System memory in use after: 139.5 MB.

Unloading 8 unused Assets to reduce memory usage. Loaded Objects now: 1968.
Total: 1.877027 ms (FindLiveObjects: 0.183175 ms CreateObjectMapping: 0.051400 ms MarkObjects: 1.521423 ms  DeleteObjects: 0.119853 ms)

========================================================================
Received Prepare
Registering precompiled user dll's ...
Registered in 0.000536 seconds.
Begin MonoManager ReloadAssembly
Native extension for OSXStandalone target not found
Native extension for WebGL target not found
Refreshing native plugins compatible for Editor in 0.26 ms, found 1 plugins.
Preloading 0 native plugins for Editor in 0.00 ms.
Mono: successfully reloaded assembly
- Completed reload, in  0.960 seconds
Platform modules already initialized, skipping
Refreshing native plugins compatible for Editor in 0.25 ms, found 1 plugins.
Preloading 0 native plugins for Editor in 0.00 ms.
Unloading 1475 Unused Serialized files (Serialized files now loaded: 0)
System memory in use before: 139.7 MB.
System memory in use after: 139.7 MB.

Unloading 8 unused Assets to reduce memory usage. Loaded Objects now: 1971.
Total: 1.679005 ms (FindLiveObjects: 0.171521 ms CreateObjectMapping: 0.053306 ms MarkObjects: 1.351995 ms  DeleteObjects: 0.101250 ms)

========================================================================
Received Prepare
Registering precompiled user dll's ...
Registered in 0.000603 seconds.
Begin MonoManager ReloadAssembly
Native extension for OSXStandalone target not found
Native extension for WebGL target not found
Refreshing native plugins compatible for Editor in 0.26 ms, found 1 plugins.
Preloading 0 native plugins for Editor in 0.00 ms.
Mono: successfully reloaded assembly
- Completed reload, in  1.073 seconds
Platform modules already initialized, skipping
Refreshing native plugins compatible for Editor in 0.26 ms, found 1 plugins.
Preloading 0 native plugins for Editor in 0.00 ms.
Unloading 1475 Unused Serialized files (Serialized files now loaded: 0)
System memory in use before: 139.9 MB.
System memory in use after: 139.9 MB.

Unloading 8 unused Assets to reduce memory usage. Loaded Objects now: 1974.
Total: 1.881350 ms (FindLiveObjects: 0.232734 ms CreateObjectMapping: 0.059466 ms MarkObjects: 1.480165 ms  DeleteObjects: 0.107861 ms)

========================================================================
Received Prepare
Registering precompiled user dll's ...
Registered in 0.000444 seconds.
Begin MonoManager ReloadAssembly
Native extension for OSXStandalone target not found
Native extension for WebGL target not found
Refreshing native plugins compatible for Editor in 0.26 ms, found 1 plugins.
Preloading 0 native plugins for Editor in 0.00 ms.
Mono: successfully reloaded assembly
- Completed reload, in  0.939 seconds
Platform modules already initialized, skipping
Refreshing native plugins compatible for Editor in 0.26 ms, found 1 plugins.
Preloading 0 native plugins for Editor in 0.00 ms.
Unloading 1475 Unused Serialized files (Serialized files now loaded: 0)
System memory in use before: 140.1 MB.
System memory in use after: 140.2 MB.

Unloading 8 unused Assets to reduce memory usage. Loaded Objects now: 1977.
Total: 1.913243 ms (FindLiveObjects: 0.233872 ms CreateObjectMapping: 0.071682 ms MarkObjects: 1.496496 ms  DeleteObjects: 0.109556 ms)

========================================================================
Received Import Request.
  Time since last request: 828.100054 seconds.
  path: Assets/Prefabs
  artifactKey: Guid(882b31c621c8f412695bb97cbd9a0b16) Importer(815301076,1909f56bfc062723c751e8b465ee728b)
Start importing Assets/Prefabs using Guid(882b31c621c8f412695bb97cbd9a0b16) Importer(815301076,1909f56bfc062723c751e8b465ee728b)  -> (artifact id: '72baff060f2699b691fe4663dddc9eb6') in 0.004657 seconds
  Import took 0.008117 seconds .

========================================================================
Received Import Request.
  Time since last request: 4.149936 seconds.
  path: Assets/Prefabs/EndPoint.prefab
  artifactKey: Guid(355a2039a3b11431abe5ebc5b0b76c5f) Importer(815301076,1909f56bfc062723c751e8b465ee728b)
Start importing Assets/Prefabs/EndPoint.prefab using Guid(355a2039a3b11431abe5ebc5b0b76c5f) Importer(815301076,1909f56bfc062723c751e8b465ee728b)  -> (artifact id: '7e424d71b0ff1d36ac122fad2b5b3db2') in 1.031359 seconds
  Import took 1.034499 seconds .

========================================================================
Received Import Request.
  Time since last request: 16.399216 seconds.
  path: Assets/Scripts/EndpointBehavior.cs
  artifactKey: Guid(05df6bd4444044e27bcdc5b23c71ad4e) Importer(815301076,1909f56bfc062723c751e8b465ee728b)
Start importing Assets/Scripts/EndpointBehavior.cs using Guid(05df6bd4444044e27bcdc5b23c71ad4e) Importer(815301076,1909f56bfc062723c751e8b465ee728b)  -> (artifact id: '5e28a108f56c3d26daf0ba278bfaa2d4') in 0.009833 seconds
  Import took 0.012479 seconds .

========================================================================
Received Prepare
Registering precompiled user dll's ...
Registered in 0.000476 seconds.
Begin MonoManager ReloadAssembly
Native extension for OSXStandalone target not found
Native extension for WebGL target not found
Refreshing native plugins compatible for Editor in 0.26 ms, found 1 plugins.
Preloading 0 native plugins for Editor in 0.00 ms.
Mono: successfully reloaded assembly
- Completed reload, in  0.975 seconds
Platform modules already initialized, skipping
Refreshing native plugins compatible for Editor in 0.28 ms, found 1 plugins.
Preloading 0 native plugins for Editor in 0.00 ms.
Unloading 1476 Unused Serialized files (Serialized files now loaded: 0)
System memory in use before: 144.8 MB.
System memory in use after: 144.8 MB.

Unloading 8 unused Assets to reduce memory usage. Loaded Objects now: 1981.
Total: 1.827435 ms (FindLiveObjects: 0.194441 ms CreateObjectMapping: 0.045870 ms MarkObjects: 1.457414 ms  DeleteObjects: 0.128471 ms)

========================================================================
Received Prepare
Registering precompiled user dll's ...
Registered in 0.000459 seconds.
Begin MonoManager ReloadAssembly
Native extension for OSXStandalone target not found
Native extension for WebGL target not found
Refreshing native plugins compatible for Editor in 0.25 ms, found 1 plugins.
Preloading 0 native plugins for Editor in 0.00 ms.
Mono: successfully reloaded assembly
- Completed reload, in  0.977 seconds
Platform modules already initialized, skipping
Refreshing native plugins compatible for Editor in 0.24 ms, found 1 plugins.
Preloading 0 native plugins for Editor in 0.00 ms.
Unloading 1476 Unused Serialized files (Serialized files now loaded: 0)
System memory in use before: 144.9 MB.
System memory in use after: 144.9 MB.

Unloading 8 unused Assets to reduce memory usage. Loaded Objects now: 1984.
Total: 1.790977 ms (FindLiveObjects: 0.178988 ms CreateObjectMapping: 0.050256 ms MarkObjects: 1.452232 ms  DeleteObjects: 0.108686 ms)

========================================================================
Received Import Request.
  Time since last request: 171.463444 seconds.
  path: Assets/Scripts/EndpointBehavior.cs
  artifactKey: Guid(05df6bd4444044e27bcdc5b23c71ad4e) Importer(815301076,1909f56bfc062723c751e8b465ee728b)
Start importing Assets/Scripts/EndpointBehavior.cs using Guid(05df6bd4444044e27bcdc5b23c71ad4e) Importer(815301076,1909f56bfc062723c751e8b465ee728b)  -> (artifact id: 'c0d289a6cc6cde7b6bef2acb9c9becd8') in 0.006132 seconds
  Import took 0.008676 seconds .

========================================================================
Received Prepare
Registering precompiled user dll's ...
Registered in 0.000558 seconds.
Begin MonoManager ReloadAssembly
Native extension for OSXStandalone target not found
Native extension for WebGL target not found
Refreshing native plugins compatible for Editor in 0.25 ms, found 1 plugins.
Preloading 0 native plugins for Editor in 0.00 ms.
Mono: successfully reloaded assembly
- Completed reload, in  0.981 seconds
Platform modules already initialized, skipping
Refreshing native plugins compatible for Editor in 0.29 ms, found 1 plugins.
Preloading 0 native plugins for Editor in 0.00 ms.
Unloading 1476 Unused Serialized files (Serialized files now loaded: 0)
System memory in use before: 145.2 MB.
System memory in use after: 145.2 MB.

Unloading 8 unused Assets to reduce memory usage. Loaded Objects now: 1987.
Total: 1.914723 ms (FindLiveObjects: 0.265702 ms CreateObjectMapping: 0.063286 ms MarkObjects: 1.468734 ms  DeleteObjects: 0.115470 ms)

========================================================================
Received Prepare
Registering precompiled user dll's ...
Registered in 0.000534 seconds.
Begin MonoManager ReloadAssembly
Native extension for OSXStandalone target not found
Native extension for WebGL target not found
Refreshing native plugins compatible for Editor in 0.27 ms, found 1 plugins.
Preloading 0 native plugins for Editor in 0.00 ms.
Mono: successfully reloaded assembly
- Completed reload, in  1.034 seconds
Platform modules already initialized, skipping
Refreshing native plugins compatible for Editor in 0.24 ms, found 1 plugins.
Preloading 0 native plugins for Editor in 0.00 ms.
Unloading 1476 Unused Serialized files (Serialized files now loaded: 0)
System memory in use before: 145.7 MB.
System memory in use after: 145.7 MB.

Unloading 8 unused Assets to reduce memory usage. Loaded Objects now: 1990.
Total: 1.760335 ms (FindLiveObjects: 0.201933 ms CreateObjectMapping: 0.059273 ms MarkObjects: 1.409082 ms  DeleteObjects: 0.088612 ms)

========================================================================
Received Prepare
Registering precompiled user dll's ...
Registered in 0.000519 seconds.
Begin MonoManager ReloadAssembly
Native extension for OSXStandalone target not found
Native extension for WebGL target not found
Refreshing native plugins compatible for Editor in 0.24 ms, found 1 plugins.
Preloading 0 native plugins for Editor in 0.00 ms.
Mono: successfully reloaded assembly
- Completed reload, in  0.937 seconds
Platform modules already initialized, skipping
Refreshing native plugins compatible for Editor in 0.30 ms, found 1 plugins.
Preloading 0 native plugins for Editor in 0.00 ms.
Unloading 1476 Unused Serialized files (Serialized files now loaded: 0)
System memory in use before: 145.9 MB.
System memory in use after: 145.9 MB.

Unloading 8 unused Assets to reduce memory usage. Loaded Objects now: 1993.
Total: 1.865153 ms (FindLiveObjects: 0.204568 ms CreateObjectMapping: 0.054014 ms MarkObjects: 1.523052 ms  DeleteObjects: 0.082373 ms)

========================================================================
Received Import Request.
  Time since last request: 379.613151 seconds.
  path: Assets/Prefabs/EndPoint.prefab
  artifactKey: Guid(355a2039a3b11431abe5ebc5b0b76c5f) Importer(815301076,1909f56bfc062723c751e8b465ee728b)
Start importing Assets/Prefabs/EndPoint.prefab using Guid(355a2039a3b11431abe5ebc5b0b76c5f) Importer(815301076,1909f56bfc062723c751e8b465ee728b)  -> (artifact id: 'da7c069f648f36481d8f96b79c6ed1fc') in 0.032493 seconds
  Import took 0.035470 seconds .

========================================================================
Received Import Request.
  Time since last request: 21.096317 seconds.
  path: Assets/Prefabs/EndPoint.prefab
  artifactKey: Guid(355a2039a3b11431abe5ebc5b0b76c5f) Importer(815301076,1909f56bfc062723c751e8b465ee728b)
Start importing Assets/Prefabs/EndPoint.prefab using Guid(355a2039a3b11431abe5ebc5b0b76c5f) Importer(815301076,1909f56bfc062723c751e8b465ee728b)  -> (artifact id: '05dc5540f78297c29fae0012f3809f22') in 0.006360 seconds
  Import took 0.009219 seconds .

========================================================================
Received Import Request.
  Time since last request: 1.997747 seconds.
  path: Assets/Prefabs/EndPoint.prefab
  artifactKey: Guid(355a2039a3b11431abe5ebc5b0b76c5f) Importer(815301076,1909f56bfc062723c751e8b465ee728b)
Start importing Assets/Prefabs/EndPoint.prefab using Guid(355a2039a3b11431abe5ebc5b0b76c5f) Importer(815301076,1909f56bfc062723c751e8b465ee728b)  -> (artifact id: 'daa48a36bdc232ecc2582d7af4f51f18') in 0.006108 seconds
  Import took 0.009932 seconds .

========================================================================
Received Import Request.
  Time since last request: 2.618234 seconds.
  path: Assets/Prefabs/EndPoint.prefab
  artifactKey: Guid(355a2039a3b11431abe5ebc5b0b76c5f) Importer(815301076,1909f56bfc062723c751e8b465ee728b)
Start importing Assets/Prefabs/EndPoint.prefab using Guid(355a2039a3b11431abe5ebc5b0b76c5f) Importer(815301076,1909f56bfc062723c751e8b465ee728b)  -> (artifact id: 'd195e7544e1d78c95060c66fa7c96a07') in 0.006416 seconds
  Import took 0.009152 seconds .

========================================================================
Received Import Request.
  Time since last request: 11.874421 seconds.
  path: Assets/Prefabs/EndPoint.prefab
  artifactKey: Guid(355a2039a3b11431abe5ebc5b0b76c5f) Importer(815301076,1909f56bfc062723c751e8b465ee728b)
Start importing Assets/Prefabs/EndPoint.prefab using Guid(355a2039a3b11431abe5ebc5b0b76c5f) Importer(815301076,1909f56bfc062723c751e8b465ee728b)  -> (artifact id: '4a151ad4464924366347fae918026537') in 0.006362 seconds
  Import took 0.009804 seconds .

========================================================================
Received Import Request.
  Time since last request: 11.070062 seconds.
  path: Assets/Prefabs/EndPoint.prefab
  artifactKey: Guid(355a2039a3b11431abe5ebc5b0b76c5f) Importer(815301076,1909f56bfc062723c751e8b465ee728b)
Start importing Assets/Prefabs/EndPoint.prefab using Guid(355a2039a3b11431abe5ebc5b0b76c5f) Importer(815301076,1909f56bfc062723c751e8b465ee728b)  -> (artifact id: '15393f1344ae10fb3f7bb48feda7f7ee') in 0.005752 seconds
  Import took 0.008517 seconds .

========================================================================
Received Import Request.
  Time since last request: 3.853051 seconds.
  path: Assets/Prefabs/EndPoint.prefab
  artifactKey: Guid(355a2039a3b11431abe5ebc5b0b76c5f) Importer(815301076,1909f56bfc062723c751e8b465ee728b)
Start importing Assets/Prefabs/EndPoint.prefab using Guid(355a2039a3b11431abe5ebc5b0b76c5f) Importer(815301076,1909f56bfc062723c751e8b465ee728b)  -> (artifact id: 'ee24dc3cd999abe83787eb18311fb070') in 0.005949 seconds
  Import took 0.009634 seconds .

========================================================================
Received Import Request.
  Time since last request: 4.046550 seconds.
  path: Assets/Prefabs/EndPoint.prefab
  artifactKey: Guid(355a2039a3b11431abe5ebc5b0b76c5f) Importer(815301076,1909f56bfc062723c751e8b465ee728b)
Start importing Assets/Prefabs/EndPoint.prefab using Guid(355a2039a3b11431abe5ebc5b0b76c5f) Importer(815301076,1909f56bfc062723c751e8b465ee728b)  -> (artifact id: '869cdd3f6ff071a8492b715d6c507b5a') in 0.005979 seconds
  Import took 0.008735 seconds .

========================================================================
Received Import Request.
  Time since last request: 36.969943 seconds.
  path: Assets/Prefabs/EndPoint.prefab
  artifactKey: Guid(355a2039a3b11431abe5ebc5b0b76c5f) Importer(815301076,1909f56bfc062723c751e8b465ee728b)
Start importing Assets/Prefabs/EndPoint.prefab using Guid(355a2039a3b11431abe5ebc5b0b76c5f) Importer(815301076,1909f56bfc062723c751e8b465ee728b)  -> (artifact id: '42239216af79d717fd821859cfc94abc') in 0.006004 seconds
  Import took 0.009006 seconds .

========================================================================
Received Import Request.
  Time since last request: 4.233983 seconds.
  path: Assets/Prefabs/EndPoint.prefab
  artifactKey: Guid(355a2039a3b11431abe5ebc5b0b76c5f) Importer(815301076,1909f56bfc062723c751e8b465ee728b)
Start importing Assets/Prefabs/EndPoint.prefab using Guid(355a2039a3b11431abe5ebc5b0b76c5f) Importer(815301076,1909f56bfc062723c751e8b465ee728b)  -> (artifact id: '16e116e176ac3e5cd71ddc68748e9f2f') in 0.005853 seconds
  Import took 0.009618 seconds .

========================================================================
Received Prepare
Registering precompiled user dll's ...
Registered in 0.000455 seconds.
Begin MonoManager ReloadAssembly
Native extension for OSXStandalone target not found
Native extension for WebGL target not found
Refreshing native plugins compatible for Editor in 0.25 ms, found 1 plugins.
Preloading 0 native plugins for Editor in 0.00 ms.
Mono: successfully reloaded assembly
- Completed reload, in  0.951 seconds
Platform modules already initialized, skipping
Refreshing native plugins compatible for Editor in 0.24 ms, found 1 plugins.
Preloading 0 native plugins for Editor in 0.00 ms.
Unloading 1476 Unused Serialized files (Serialized files now loaded: 0)
System memory in use before: 146.2 MB.
System memory in use after: 146.2 MB.

Unloading 8 unused Assets to reduce memory usage. Loaded Objects now: 1996.
Total: 1.649134 ms (FindLiveObjects: 0.169179 ms CreateObjectMapping: 0.040806 ms MarkObjects: 1.348900 ms  DeleteObjects: 0.089135 ms)

========================================================================
Received Prepare
Registering precompiled user dll's ...
Registered in 0.000652 seconds.
Begin MonoManager ReloadAssembly
Native extension for OSXStandalone target not found
Native extension for WebGL target not found
Refreshing native plugins compatible for Editor in 0.26 ms, found 1 plugins.
Preloading 0 native plugins for Editor in 0.00 ms.
Mono: successfully reloaded assembly
- Completed reload, in  1.041 seconds
Platform modules already initialized, skipping
Refreshing native plugins compatible for Editor in 0.25 ms, found 1 plugins.
Preloading 0 native plugins for Editor in 0.00 ms.
Unloading 1476 Unused Serialized files (Serialized files now loaded: 0)
System memory in use before: 146.4 MB.
System memory in use after: 146.4 MB.

Unloading 8 unused Assets to reduce memory usage. Loaded Objects now: 1999.
Total: 2.767097 ms (FindLiveObjects: 0.225556 ms CreateObjectMapping: 0.062392 ms MarkObjects: 2.312352 ms  DeleteObjects: 0.165109 ms)

========================================================================
Received Prepare
Registering precompiled user dll's ...
Registered in 0.000532 seconds.
Begin MonoManager ReloadAssembly
Native extension for OSXStandalone target not found
Native extension for WebGL target not found
Refreshing native plugins compatible for Editor in 0.25 ms, found 1 plugins.
Preloading 0 native plugins for Editor in 0.00 ms.
Mono: successfully reloaded assembly
- Completed reload, in  0.965 seconds
Platform modules already initialized, skipping
Refreshing native plugins compatible for Editor in 0.26 ms, found 1 plugins.
Preloading 0 native plugins for Editor in 0.00 ms.
Unloading 1476 Unused Serialized files (Serialized files now loaded: 0)
System memory in use before: 146.6 MB.
System memory in use after: 146.7 MB.

Unloading 8 unused Assets to reduce memory usage. Loaded Objects now: 2002.
Total: 1.873380 ms (FindLiveObjects: 0.203234 ms CreateObjectMapping: 0.056120 ms MarkObjects: 1.525821 ms  DeleteObjects: 0.086058 ms)

========================================================================
Received Prepare
Registering precompiled user dll's ...
Registered in 0.000482 seconds.
Begin MonoManager ReloadAssembly
Native extension for OSXStandalone target not found
Native extension for WebGL target not found
Refreshing native plugins compatible for Editor in 0.25 ms, found 1 plugins.
Preloading 0 native plugins for Editor in 0.00 ms.
Mono: successfully reloaded assembly
- Completed reload, in  0.982 seconds
Platform modules already initialized, skipping
Refreshing native plugins compatible for Editor in 0.26 ms, found 1 plugins.
Preloading 0 native plugins for Editor in 0.00 ms.
Unloading 1476 Unused Serialized files (Serialized files now loaded: 0)
System memory in use before: 146.9 MB.
System memory in use after: 146.9 MB.

Unloading 8 unused Assets to reduce memory usage. Loaded Objects now: 2005.
Total: 2.150628 ms (FindLiveObjects: 0.226949 ms CreateObjectMapping: 0.047563 ms MarkObjects: 1.784205 ms  DeleteObjects: 0.090537 ms)

